[debug] [2025-11-26T10:15:26.074Z] ----------------------------------------------------------------------
[debug] [2025-11-26T10:15:26.075Z] Command:       C:\Program Files\nodejs\node.exe C:\Users\Rajkumar\AppData\Roaming\npm\node_modules\firebase-tools\lib\bin\firebase.js init database
[debug] [2025-11-26T10:15:26.075Z] CLI Version:   11.26.0
[debug] [2025-11-26T10:15:26.076Z] Platform:      win32
[debug] [2025-11-26T10:15:26.076Z] Node Version:  v14.21.3
[debug] [2025-11-26T10:15:26.076Z] Time:          Wed Nov 26 2025 15:45:26 GMT+0530 (India Standard Time)
[debug] [2025-11-26T10:15:26.076Z] ----------------------------------------------------------------------
[debug] 
[debug] [2025-11-26T10:15:26.140Z] > command requires scopes: ["email","openid","https://www.googleapis.com/auth/cloudplatformprojects.readonly","https://www.googleapis.com/auth/firebase","https://www.googleapis.com/auth/cloud-platform"]
[debug] [2025-11-26T10:15:26.140Z] > authorizing via signed-in user (rajkumarvallepu.prof@gmail.com)
[info] 
     ######## #### ########  ######## ########     ###     ######  ########
     ##        ##  ##     ## ##       ##     ##  ##   ##  ##       ##
     ######    ##  ########  ######   ########  #########  ######  ######
     ##        ##  ##    ##  ##       ##     ## ##     ##       ## ##
     ##       #### ##     ## ######## ########  ##     ##  ######  ########

You're about to initialize a Firebase project in this directory:

  D:\FriendlyPix\FriendlyPix-Updated

Before we get started, keep in mind:

  * You are initializing within an existing Firebase project directory

[info] 
=== Project Setup
[info] 
[info] First, let's associate this project directory with a Firebase project.
[info] You can create multiple project aliases by running firebase use --add, 
[info] but for now we'll just set up a default project.
[info] 
[debug] [2025-11-26T10:15:30.251Z] Using project from CLI flag: skilltest-6c69e
[debug] [2025-11-26T10:15:30.254Z] >>> [apiv2][query] GET https://firebase.googleapis.com/v1beta1/projects/skilltest-6c69e [none]
[debug] [2025-11-26T10:15:30.659Z] <<< [apiv2][status] GET https://firebase.googleapis.com/v1beta1/projects/skilltest-6c69e 200
[debug] [2025-11-26T10:15:30.660Z] <<< [apiv2][body] GET https://firebase.googleapis.com/v1beta1/projects/skilltest-6c69e {"projectId":"skilltest-6c69e","projectNumber":"638974920586","displayName":"SkillTest","name":"projects/skilltest-6c69e","resources":{"hostingSite":"skilltest-6c69e"},"state":"ACTIVE","etag":"1_cf210220-4e46-4085-b099-78c94fbf5302"}
[info] i  Using project skilltest-6c69e (SkillTest) 
[info] 
=== Database Setup
[info] i  database: ensuring required API firebasedatabase.googleapis.com is enabled... 
[debug] [2025-11-26T10:15:30.669Z] >>> [apiv2][query] GET https://serviceusage.googleapis.com/v1/projects/skilltest-6c69e/services/firebasedatabase.googleapis.com [none]
[debug] [2025-11-26T10:15:30.669Z] >>> [apiv2][(partial)header] GET https://serviceusage.googleapis.com/v1/projects/skilltest-6c69e/services/firebasedatabase.googleapis.com x-goog-quota-user=projects/skilltest-6c69e
[debug] [2025-11-26T10:15:32.353Z] <<< [apiv2][status] GET https://serviceusage.googleapis.com/v1/projects/skilltest-6c69e/services/firebasedatabase.googleapis.com 200
[debug] [2025-11-26T10:15:32.353Z] <<< [apiv2][body] GET https://serviceusage.googleapis.com/v1/projects/skilltest-6c69e/services/firebasedatabase.googleapis.com [omitted]
[warn] !  database: missing required API firebasedatabase.googleapis.com. Enabling now... 
[debug] [2025-11-26T10:15:32.355Z] >>> [apiv2][query] POST https://serviceusage.googleapis.com/v1/projects/skilltest-6c69e/services/firebasedatabase.googleapis.com:enable [none]
[debug] [2025-11-26T10:15:32.355Z] >>> [apiv2][(partial)header] POST https://serviceusage.googleapis.com/v1/projects/skilltest-6c69e/services/firebasedatabase.googleapis.com:enable x-goog-quota-user=projects/skilltest-6c69e
[debug] [2025-11-26T10:15:34.062Z] <<< [apiv2][status] POST https://serviceusage.googleapis.com/v1/projects/skilltest-6c69e/services/firebasedatabase.googleapis.com:enable 200
[debug] [2025-11-26T10:15:34.062Z] <<< [apiv2][body] POST https://serviceusage.googleapis.com/v1/projects/skilltest-6c69e/services/firebasedatabase.googleapis.com:enable [omitted]
[debug] [2025-11-26T10:15:44.077Z] >>> [apiv2][query] GET https://serviceusage.googleapis.com/v1/projects/skilltest-6c69e/services/firebasedatabase.googleapis.com [none]
[debug] [2025-11-26T10:15:44.078Z] >>> [apiv2][(partial)header] GET https://serviceusage.googleapis.com/v1/projects/skilltest-6c69e/services/firebasedatabase.googleapis.com x-goog-quota-user=projects/skilltest-6c69e
[debug] [2025-11-26T10:15:45.656Z] <<< [apiv2][status] GET https://serviceusage.googleapis.com/v1/projects/skilltest-6c69e/services/firebasedatabase.googleapis.com 200
[debug] [2025-11-26T10:15:45.656Z] <<< [apiv2][body] GET https://serviceusage.googleapis.com/v1/projects/skilltest-6c69e/services/firebasedatabase.googleapis.com [omitted]
[info] +  database: required API firebasedatabase.googleapis.com is enabled 
[info] 
[debug] [2025-11-26T10:15:45.662Z] >>> [apiv2][query] GET https://firebase.googleapis.com/v1beta1/projects/skilltest-6c69e [none]
[debug] [2025-11-26T10:15:46.122Z] <<< [apiv2][status] GET https://firebase.googleapis.com/v1beta1/projects/skilltest-6c69e 200
[debug] [2025-11-26T10:15:46.123Z] <<< [apiv2][body] GET https://firebase.googleapis.com/v1beta1/projects/skilltest-6c69e {"projectId":"skilltest-6c69e","projectNumber":"638974920586","displayName":"SkillTest","name":"projects/skilltest-6c69e","resources":{"hostingSite":"skilltest-6c69e"},"state":"ACTIVE","etag":"1_cf210220-4e46-4085-b099-78c94fbf5302"}
